warning: ignoring unsupported tag 'PAGE_OUTLINE_PANEL' at line 1765, file /tmp/doxyfile.dUhQfq
warning: Tag 'DOT_TRANSPARENT' at line 2788 of file '/tmp/doxyfile.dUhQfq' has become obsolete.
         To avoid this warning please remove this line from your configuration file or upgrade it using "doxygen -u"
/home/runner/work/hf-as5047u-driver/hf-as5047u-driver/examples/esp32/main/TestFramework.h:383: warning: The following parameter of print_test_section_footer(const char *tag, const char *section_name, bool enabled=true) is not documented:
  parameter 'tag'
/home/runner/work/hf-as5047u-driver/hf-as5047u-driver/examples/esp32/main/TestFramework.h:357: warning: The following parameter of print_test_section_header(const char *tag, const char *section_name, bool enabled=true) is not documented:
  parameter 'tag'
/home/runner/work/hf-as5047u-driver/hf-as5047u-driver/examples/esp32/main/TestFramework.h:341: warning: argument 'test_results' of command @param is not found in the argument list of print_test_section_status(const char *tag, const char *test_suite_name)
/home/runner/work/hf-as5047u-driver/hf-as5047u-driver/examples/esp32/main/TestFramework.h:341: warning: The following parameter of print_test_section_status(const char *tag, const char *test_suite_name) is not documented:
  parameter 'tag'
/home/runner/work/hf-as5047u-driver/hf-as5047u-driver/examples/esp32/main/TestFramework.h:321: warning: The following parameter of print_test_summary(const TestResults &test_results, const char *test_suite_name, const char *tag) is not documented:
  parameter 'tag'
/home/runner/work/hf-as5047u-driver/hf-as5047u-driver/inc/AS5047U_REGISTERS.hpp:28: warning: Found unknown command '@license'
/home/runner/work/hf-as5047u-driver/hf-as5047u-driver/inc/AS5047U.hpp:250: warning: The following parameter of as5047u::Encoder::configureInterface(bool abi, bool uvw, bool pwm, uint8_t retries=AS5047U_CFG::CRC_RETRIES) is not documented:
  parameter 'retries'
/home/runner/work/hf-as5047u-driver/hf-as5047u-driver/inc/AS5047U.hpp:283: warning: The following parameter of as5047u::Encoder::set150CTemperatureMode(bool enable, uint8_t retries=AS5047U_CFG::CRC_RETRIES) is not documented:
  parameter 'retries'
/home/runner/work/hf-as5047u-driver/hf-as5047u-driver/inc/AS5047U.hpp:228: warning: The following parameter of as5047u::Encoder::setABIResolution(uint8_t resolutionBits, uint8_t retries=AS5047U_CFG::CRC_RETRIES) is not documented:
  parameter 'retries'
/home/runner/work/hf-as5047u-driver/hf-as5047u-driver/inc/AS5047U.hpp:344: warning: The following parameter of as5047u::Encoder::setAngleOutputSource(AS5047U_REG::SETTINGS2::AngleOutputSource src, uint8_t retries=AS5047U_CFG::CRC_RETRIES) is not documented:
  parameter 'retries'
/home/runner/work/hf-as5047u-driver/hf-as5047u-driver/inc/AS5047U.hpp:324: warning: The following parameter of as5047u::Encoder::setHysteresis(AS5047U_REG::SETTINGS3::Hysteresis hys, uint8_t retries=AS5047U_CFG::CRC_RETRIES) is not documented:
  parameter 'retries'
/home/runner/work/hf-as5047u-driver/hf-as5047u-driver/inc/AS5047U.hpp:242: warning: The following parameter of as5047u::Encoder::setIndexPulseLength(uint8_t lsbLen, uint8_t retries=AS5047U_CFG::CRC_RETRIES) is not documented:
  parameter 'retries'
/home/runner/work/hf-as5047u-driver/hf-as5047u-driver/inc/AS5047U.hpp:235: warning: The following parameter of as5047u::Encoder::setUVWPolePairs(uint8_t pairs, uint8_t retries=AS5047U_CFG::CRC_RETRIES) is not documented:
  parameter 'retries'
/home/runner/work/hf-as5047u-driver/hf-as5047u-driver/inc/AS5047U.hpp:211: warning: The following parameter of as5047u::Encoder::setZeroPosition(uint16_t angleLSB, uint8_t retries=AS5047U_CFG::CRC_RETRIES) is not documented:
  parameter 'retries'
/home/runner/work/hf-as5047u-driver/hf-as5047u-driver/README.md:52: warning: unable to resolve reference to '/home/runner/work/hf-as5047u-driver/hf-as5047u-driver/docs/index.md' for \ref command
/home/runner/work/hf-as5047u-driver/hf-as5047u-driver/README.md:52: warning: unable to resolve reference to '/home/runner/work/hf-as5047u-driver/hf-as5047u-driver/docs/workflow.md' for \ref command
